<?xml version="1.0" encoding="UTF-8"?>
<testng-results skipped="0" failed="0" ignored="0" total="1" passed="1">
  <reporter-output>
  </reporter-output>
  <suite name="Default suite" duration-ms="7590" started-at="2022-07-02T15:16:19 CDT" finished-at="2022-07-02T15:16:26 CDT">
    <groups>
    </groups>
    <test name="Default test" duration-ms="7590" started-at="2022-07-02T15:16:19 CDT" finished-at="2022-07-02T15:16:26 CDT">
      <class name="TestNg2.AddCategory">
        <test-method status="PASS" signature="init()[pri:0, instance:TestNg2.AddCategory@33c7e1bb]" name="init" is-config="true" duration-ms="7147" started-at="2022-07-02T15:16:19 CDT" finished-at="2022-07-02T15:16:26 CDT">
          <reporter-output>
          </reporter-output>
        </test-method> <!-- init -->
        <test-method status="PASS" signature="validateMonth()[pri:0, instance:TestNg2.AddCategory@33c7e1bb]" name="validateMonth" duration-ms="397" started-at="2022-07-02T15:16:26 CDT" finished-at="2022-07-02T15:16:26 CDT">
          <reporter-output>
          </reporter-output>
        </test-method> <!-- validateMonth -->
      </class> <!-- TestNg2.AddCategory -->
    </test> <!-- Default test -->
  </suite> <!-- Default suite -->
</testng-results>
